/*C5*/SET SCHEMA PUBLIC
DISCONNECT
/*C6*/SET SCHEMA PUBLIC
DELETE FROM ARTICULOS WHERE ID=1
DELETE FROM ARTICULOS WHERE ID=2
DELETE FROM ARTICULOS WHERE ID=3
INSERT INTO ARTICULOS VALUES(1,1,1,'nuevo titulo',6,'2013-10-24')
INSERT INTO ARTICULOS VALUES(2,1,2,'nuevo titulo',7,'2013-10-24')
INSERT INTO ARTICULOS VALUES(3,1,3,'nuevo titulo',8,'2013-10-24')
SET SCHEMA SYSTEM_LOBS
DELETE FROM LOB_IDS WHERE LOB_ID=6
INSERT INTO LOB_IDS VALUES(6,20,0,40)
DELETE FROM LOB_IDS WHERE LOB_ID=7
INSERT INTO LOB_IDS VALUES(7,20,0,40)
DELETE FROM LOB_IDS WHERE LOB_ID=8
INSERT INTO LOB_IDS VALUES(8,20,0,40)
DELETE FROM LOB_IDS WHERE LOB_ID=6
INSERT INTO LOB_IDS VALUES(6,20,1,40)
DELETE FROM LOB_IDS WHERE LOB_ID=7
INSERT INTO LOB_IDS VALUES(7,20,1,40)
DELETE FROM LOB_IDS WHERE LOB_ID=8
INSERT INTO LOB_IDS VALUES(8,20,1,40)
COMMIT
SET SCHEMA PUBLIC
DISCONNECT
/*C7*/SET SCHEMA PUBLIC
DISCONNECT
/*C8*/SET SCHEMA PUBLIC
DELETE FROM ARTICULOS WHERE ID=1
DELETE FROM ARTICULOS WHERE ID=2
DELETE FROM ARTICULOS WHERE ID=3
INSERT INTO ARTICULOS VALUES(1,1,1,'nuevo titulo',6,'2013-10-24')
INSERT INTO ARTICULOS VALUES(2,1,2,'nuevo titulo',7,'2013-10-24')
INSERT INTO ARTICULOS VALUES(3,1,3,'nuevo titulo',8,'2013-10-24')
SET SCHEMA SYSTEM_LOBS
DELETE FROM LOB_IDS WHERE LOB_ID=6
INSERT INTO LOB_IDS VALUES(6,20,0,40)
DELETE FROM LOB_IDS WHERE LOB_ID=7
INSERT INTO LOB_IDS VALUES(7,20,0,40)
DELETE FROM LOB_IDS WHERE LOB_ID=8
INSERT INTO LOB_IDS VALUES(8,20,0,40)
DELETE FROM LOB_IDS WHERE LOB_ID=6
INSERT INTO LOB_IDS VALUES(6,20,1,40)
DELETE FROM LOB_IDS WHERE LOB_ID=7
INSERT INTO LOB_IDS VALUES(7,20,1,40)
DELETE FROM LOB_IDS WHERE LOB_ID=8
INSERT INTO LOB_IDS VALUES(8,20,1,40)
COMMIT
SET SCHEMA PUBLIC
DISCONNECT
/*C9*/SET SCHEMA PUBLIC
DELETE FROM ARTICULOS WHERE ID=1
INSERT INTO ARTICULOS VALUES(1,1,1,'nuevo titulo 1',6,'2013-10-24')
SET SCHEMA SYSTEM_LOBS
DELETE FROM LOB_IDS WHERE LOB_ID=6
INSERT INTO LOB_IDS VALUES(6,20,0,40)
DELETE FROM LOB_IDS WHERE LOB_ID=6
INSERT INTO LOB_IDS VALUES(6,20,1,40)
COMMIT
SET SCHEMA PUBLIC
DISCONNECT
/*C10*/SET SCHEMA PUBLIC
DISCONNECT
/*C11*/SET SCHEMA PUBLIC
DISCONNECT
/*C12*/SET SCHEMA PUBLIC
DISCONNECT
/*C13*/SET SCHEMA PUBLIC
DISCONNECT
/*C14*/SET SCHEMA PUBLIC
DISCONNECT
/*C1*/SET SCHEMA SYSTEM_LOBS
INSERT INTO LOB_IDS VALUES(13,19,0,40)
ALTER SEQUENCE SYSTEM_LOBS.LOB_ID RESTART WITH 14
COMMIT
DELETE FROM BLOCKS WHERE BLOCK_ADDR=12
INSERT INTO BLOCKS VALUES(12,1,0)
INSERT INTO BLOCKS VALUES(13,2147483634,0)
DELETE FROM BLOCKS WHERE BLOCK_ADDR=12
INSERT INTO LOBS VALUES(12,1,0,13)
COMMIT
/*C15*/SET SCHEMA PUBLIC
DELETE FROM DATOS_ARTICULOS WHERE ID=1
INSERT INTO DATOS_ARTICULOS VALUES(1,13)
SET SCHEMA SYSTEM_LOBS
DELETE FROM LOB_IDS WHERE LOB_ID=3
INSERT INTO LOB_IDS VALUES(3,41,0,40)
DELETE FROM LOB_IDS WHERE LOB_ID=13
INSERT INTO LOB_IDS VALUES(13,19,1,40)
COMMIT
SET SCHEMA PUBLIC
DISCONNECT
